c:\users\mariojulio.zaldivar\documents\tictacpow\engine_bl_gameplay_02122015\myengine\release\vc120.pdb
c:\users\mariojulio.zaldivar\documents\tictacpow\engine_bl_gameplay_02122015\myengine\release\globjectcircle.obj
c:\users\mariojulio.zaldivar\documents\tictacpow\engine_bl_gameplay_02122015\myengine\release\globjectsquare.obj
c:\users\mariojulio.zaldivar\documents\tictacpow\engine_bl_gameplay_02122015\myengine\release\globjectfactory.obj
c:\users\mariojulio.zaldivar\documents\tictacpow\engine_bl_gameplay_02122015\myengine\release\globjectbase.obj
c:\users\mariojulio.zaldivar\documents\tictacpow\engine_bl_gameplay_02122015\myengine\release\glmodelcircle.obj
c:\users\mariojulio.zaldivar\documents\tictacpow\engine_bl_gameplay_02122015\myengine\release\glmodelbase.obj
c:\users\mariojulio.zaldivar\documents\tictacpow\engine_bl_gameplay_02122015\myengine\release\glmodelsquare.obj
c:\users\mariojulio.zaldivar\documents\tictacpow\engine_bl_gameplay_02122015\myengine\release\gamestate.obj
c:\users\mariojulio.zaldivar\documents\tictacpow\engine_bl_gameplay_02122015\myengine\release\game.obj
c:\users\mariojulio.zaldivar\documents\tictacpow\engine_bl_gameplay_02122015\myengine\release\enemycontroller.obj
c:\users\mariojulio.zaldivar\documents\tictacpow\engine_bl_gameplay_02122015\myengine\release\enemyaliencontroller.obj
c:\users\mariojulio.zaldivar\documents\tictacpow\engine_bl_gameplay_02122015\myengine\release\dustcontroller.obj
c:\users\mariojulio.zaldivar\documents\tictacpow\engine_bl_gameplay_02122015\myengine\release\contact.obj
c:\users\mariojulio.zaldivar\documents\tictacpow\engine_bl_gameplay_02122015\myengine\release\collisionmanager.obj
c:\users\mariojulio.zaldivar\documents\tictacpow\engine_bl_gameplay_02122015\myengine\release\collideevent.obj
c:\users\mariojulio.zaldivar\documents\tictacpow\engine_bl_gameplay_02122015\myengine\release\circle.obj
c:\users\mariojulio.zaldivar\documents\tictacpow\engine_bl_gameplay_02122015\myengine\release\checkercontroller.obj
c:\users\mariojulio.zaldivar\documents\tictacpow\engine_bl_gameplay_02122015\myengine\release\camera.obj
c:\users\mariojulio.zaldivar\documents\tictacpow\engine_bl_gameplay_02122015\myengine\release\bulletcontroller.obj
c:\users\mariojulio.zaldivar\documents\tictacpow\engine_bl_gameplay_02122015\myengine\release\aabb.obj
c:\users\mariojulio.zaldivar\documents\tictacpow\engine_bl_gameplay_02122015\myengine\release\physicsmanager.obj
c:\users\mariojulio.zaldivar\documents\tictacpow\engine_bl_gameplay_02122015\myengine\release\physicscomponent.obj
c:\users\mariojulio.zaldivar\documents\tictacpow\engine_bl_gameplay_02122015\myengine\release\mywindowcomponent.obj
c:\users\mariojulio.zaldivar\documents\tictacpow\engine_bl_gameplay_02122015\myengine\release\moveevent.obj
c:\users\mariojulio.zaldivar\documents\tictacpow\engine_bl_gameplay_02122015\myengine\release\main.obj
c:\users\mariojulio.zaldivar\documents\tictacpow\engine_bl_gameplay_02122015\myengine\release\inversecontrollercomponent.obj
c:\users\mariojulio.zaldivar\documents\tictacpow\engine_bl_gameplay_02122015\myengine\release\frameratecontroller.obj
c:\users\mariojulio.zaldivar\documents\tictacpow\engine_bl_gameplay_02122015\myengine\release\eventmanager.obj
c:\users\mariojulio.zaldivar\documents\tictacpow\engine_bl_gameplay_02122015\myengine\release\entity.obj
c:\users\mariojulio.zaldivar\documents\tictacpow\engine_bl_gameplay_02122015\myengine\release\controllercomponent.obj
c:\users\mariojulio.zaldivar\documents\tictacpow\engine_bl_gameplay_02122015\myengine\release\component.obj
c:\users\mariojulio.zaldivar\documents\tictacpow\engine_bl_gameplay_02122015\myengine\release\shape.obj
c:\users\mariojulio.zaldivar\documents\tictacpow\engine_bl_gameplay_02122015\myengine\release\shader.obj
c:\users\mariojulio.zaldivar\documents\tictacpow\engine_bl_gameplay_02122015\myengine\release\roullettecomponent.obj
c:\users\mariojulio.zaldivar\documents\tictacpow\engine_bl_gameplay_02122015\myengine\release\rollingtabletdata.obj
c:\users\mariojulio.zaldivar\documents\tictacpow\engine_bl_gameplay_02122015\myengine\release\playerhitevent.obj
c:\users\mariojulio.zaldivar\documents\tictacpow\engine_bl_gameplay_02122015\myengine\release\orbcontroller.obj
c:\users\mariojulio.zaldivar\documents\tictacpow\engine_bl_gameplay_02122015\myengine\release\matrix3d.obj
c:\users\mariojulio.zaldivar\documents\tictacpow\engine_bl_gameplay_02122015\myengine\release\math3d.obj
c:\users\mariojulio.zaldivar\documents\tictacpow\engine_bl_gameplay_02122015\myengine\release\inputmanager.obj
c:\users\mariojulio.zaldivar\documents\tictacpow\engine_bl_gameplay_02122015\myengine\release\vector3d.obj
c:\users\mariojulio.zaldivar\documents\tictacpow\engine_bl_gameplay_02122015\myengine\release\transformcomponent.obj
c:\users\mariojulio.zaldivar\documents\tictacpow\engine_bl_gameplay_02122015\myengine\release\textureunitfactory.obj
c:\users\mariojulio.zaldivar\documents\tictacpow\engine_bl_gameplay_02122015\myengine\release\texture.obj
c:\users\mariojulio.zaldivar\documents\tictacpow\engine_bl_gameplay_02122015\myengine\release\shooteventp2.obj
c:\users\mariojulio.zaldivar\documents\tictacpow\engine_bl_gameplay_02122015\myengine\release\shootevent.obj
c:\users\mariojulio.zaldivar\documents\tictacpow\engine_bl_gameplay_02122015\myengine\release\sarenderercomponent.obj
c:\users\mariojulio.zaldivar\documents\tictacpow\engine_bl_gameplay_02122015\myengine\release\resourcemanager.obj
c:\users\mariojulio.zaldivar\documents\tictacpow\engine_bl_gameplay_02122015\release\myengine.exe
c:\users\mariojulio.zaldivar\documents\tictacpow\engine_bl_gameplay_02122015\release\myengine.pdb
c:\users\mariojulio.zaldivar\documents\tictacpow\engine_bl_gameplay_02122015\myengine\release\myengine.pdb
c:\users\mariojulio.zaldivar\documents\tictacpow\engine_bl_gameplay_02122015\myengine\release\myengine.tlog\cl.command.1.tlog
c:\users\mariojulio.zaldivar\documents\tictacpow\engine_bl_gameplay_02122015\myengine\release\myengine.tlog\cl.read.1.tlog
c:\users\mariojulio.zaldivar\documents\tictacpow\engine_bl_gameplay_02122015\myengine\release\myengine.tlog\cl.write.1.tlog
c:\users\mariojulio.zaldivar\documents\tictacpow\engine_bl_gameplay_02122015\myengine\release\myengine.tlog\link.command.1.tlog
c:\users\mariojulio.zaldivar\documents\tictacpow\engine_bl_gameplay_02122015\myengine\release\myengine.tlog\link.read.1.tlog
c:\users\mariojulio.zaldivar\documents\tictacpow\engine_bl_gameplay_02122015\myengine\release\myengine.tlog\link.write.1.tlog
