c:\users\mariojulio.zaldivar\documents\tictacpow\engine_bl_gameplay_02122015\myengine\debug\vc120.pdb
c:\users\mariojulio.zaldivar\documents\tictacpow\engine_bl_gameplay_02122015\myengine\debug\vc120.idb
c:\users\mariojulio.zaldivar\documents\tictacpow\engine_bl_gameplay_02122015\myengine\debug\shape.obj
c:\users\mariojulio.zaldivar\documents\tictacpow\engine_bl_gameplay_02122015\myengine\debug\component.obj
c:\users\mariojulio.zaldivar\documents\tictacpow\engine_bl_gameplay_02122015\myengine\debug\controllercomponent.obj
c:\users\mariojulio.zaldivar\documents\tictacpow\engine_bl_gameplay_02122015\myengine\debug\entity.obj
c:\users\mariojulio.zaldivar\documents\tictacpow\engine_bl_gameplay_02122015\myengine\debug\eventmanager.obj
c:\users\mariojulio.zaldivar\documents\tictacpow\engine_bl_gameplay_02122015\myengine\debug\frameratecontroller.obj
c:\users\mariojulio.zaldivar\documents\tictacpow\engine_bl_gameplay_02122015\myengine\debug\inversecontrollercomponent.obj
c:\users\mariojulio.zaldivar\documents\tictacpow\engine_bl_gameplay_02122015\myengine\debug\main.obj
c:\users\mariojulio.zaldivar\documents\tictacpow\engine_bl_gameplay_02122015\myengine\debug\moveevent.obj
c:\users\mariojulio.zaldivar\documents\tictacpow\engine_bl_gameplay_02122015\myengine\debug\mywindowcomponent.obj
c:\users\mariojulio.zaldivar\documents\tictacpow\engine_bl_gameplay_02122015\myengine\debug\physicscomponent.obj
c:\users\mariojulio.zaldivar\documents\tictacpow\engine_bl_gameplay_02122015\myengine\debug\physicsmanager.obj
c:\users\mariojulio.zaldivar\documents\tictacpow\engine_bl_gameplay_02122015\myengine\debug\resourcemanager.obj
c:\users\mariojulio.zaldivar\documents\tictacpow\engine_bl_gameplay_02122015\myengine\debug\sarenderercomponent.obj
c:\users\mariojulio.zaldivar\documents\tictacpow\engine_bl_gameplay_02122015\myengine\debug\shootevent.obj
c:\users\mariojulio.zaldivar\documents\tictacpow\engine_bl_gameplay_02122015\myengine\debug\shooteventp2.obj
c:\users\mariojulio.zaldivar\documents\tictacpow\engine_bl_gameplay_02122015\myengine\debug\texture.obj
c:\users\mariojulio.zaldivar\documents\tictacpow\engine_bl_gameplay_02122015\myengine\debug\textureunitfactory.obj
c:\users\mariojulio.zaldivar\documents\tictacpow\engine_bl_gameplay_02122015\myengine\debug\transformcomponent.obj
c:\users\mariojulio.zaldivar\documents\tictacpow\engine_bl_gameplay_02122015\myengine\debug\vector3d.obj
c:\users\mariojulio.zaldivar\documents\tictacpow\engine_bl_gameplay_02122015\myengine\debug\dustcontroller.obj
c:\users\mariojulio.zaldivar\documents\tictacpow\engine_bl_gameplay_02122015\myengine\debug\enemyaliencontroller.obj
c:\users\mariojulio.zaldivar\documents\tictacpow\engine_bl_gameplay_02122015\myengine\debug\enemycontroller.obj
c:\users\mariojulio.zaldivar\documents\tictacpow\engine_bl_gameplay_02122015\myengine\debug\game.obj
c:\users\mariojulio.zaldivar\documents\tictacpow\engine_bl_gameplay_02122015\myengine\debug\gamestate.obj
c:\users\mariojulio.zaldivar\documents\tictacpow\engine_bl_gameplay_02122015\myengine\debug\glmodelsquare.obj
c:\users\mariojulio.zaldivar\documents\tictacpow\engine_bl_gameplay_02122015\myengine\debug\glmodelbase.obj
c:\users\mariojulio.zaldivar\documents\tictacpow\engine_bl_gameplay_02122015\myengine\debug\glmodelcircle.obj
c:\users\mariojulio.zaldivar\documents\tictacpow\engine_bl_gameplay_02122015\myengine\debug\globjectbase.obj
c:\users\mariojulio.zaldivar\documents\tictacpow\engine_bl_gameplay_02122015\myengine\debug\globjectfactory.obj
c:\users\mariojulio.zaldivar\documents\tictacpow\engine_bl_gameplay_02122015\myengine\debug\globjectsquare.obj
c:\users\mariojulio.zaldivar\documents\tictacpow\engine_bl_gameplay_02122015\myengine\debug\globjectcircle.obj
c:\users\mariojulio.zaldivar\documents\tictacpow\engine_bl_gameplay_02122015\myengine\debug\inputmanager.obj
c:\users\mariojulio.zaldivar\documents\tictacpow\engine_bl_gameplay_02122015\myengine\debug\math3d.obj
c:\users\mariojulio.zaldivar\documents\tictacpow\engine_bl_gameplay_02122015\myengine\debug\matrix3d.obj
c:\users\mariojulio.zaldivar\documents\tictacpow\engine_bl_gameplay_02122015\myengine\debug\orbcontroller.obj
c:\users\mariojulio.zaldivar\documents\tictacpow\engine_bl_gameplay_02122015\myengine\debug\playerhitevent.obj
c:\users\mariojulio.zaldivar\documents\tictacpow\engine_bl_gameplay_02122015\myengine\debug\rollingtabletdata.obj
c:\users\mariojulio.zaldivar\documents\tictacpow\engine_bl_gameplay_02122015\myengine\debug\roullettecomponent.obj
c:\users\mariojulio.zaldivar\documents\tictacpow\engine_bl_gameplay_02122015\myengine\debug\shader.obj
c:\users\mariojulio.zaldivar\documents\tictacpow\engine_bl_gameplay_02122015\myengine\debug\aabb.obj
c:\users\mariojulio.zaldivar\documents\tictacpow\engine_bl_gameplay_02122015\myengine\debug\bulletcontroller.obj
c:\users\mariojulio.zaldivar\documents\tictacpow\engine_bl_gameplay_02122015\myengine\debug\camera.obj
c:\users\mariojulio.zaldivar\documents\tictacpow\engine_bl_gameplay_02122015\myengine\debug\checkercontroller.obj
c:\users\mariojulio.zaldivar\documents\tictacpow\engine_bl_gameplay_02122015\myengine\debug\circle.obj
c:\users\mariojulio.zaldivar\documents\tictacpow\engine_bl_gameplay_02122015\myengine\debug\collideevent.obj
c:\users\mariojulio.zaldivar\documents\tictacpow\engine_bl_gameplay_02122015\myengine\debug\collisionmanager.obj
c:\users\mariojulio.zaldivar\documents\tictacpow\engine_bl_gameplay_02122015\myengine\debug\contact.obj
c:\users\mariojulio.zaldivar\documents\tictacpow\engine_bl_gameplay_02122015\debug\myengine.ilk
c:\users\mariojulio.zaldivar\documents\tictacpow\engine_bl_gameplay_02122015\debug\myengine.exe
c:\users\mariojulio.zaldivar\documents\tictacpow\engine_bl_gameplay_02122015\debug\myengine.pdb
c:\users\mariojulio.zaldivar\downloads\firstengineever\myengine\debug\aabb.obj
c:\users\mariojulio.zaldivar\downloads\firstengineever\myengine\debug\bulletcontroller.obj
c:\users\mariojulio.zaldivar\downloads\firstengineever\myengine\debug\camera.obj
c:\users\mariojulio.zaldivar\downloads\firstengineever\myengine\debug\checkercontroller.obj
c:\users\mariojulio.zaldivar\downloads\firstengineever\myengine\debug\circle.obj
c:\users\mariojulio.zaldivar\downloads\firstengineever\myengine\debug\collideevent.obj
c:\users\mariojulio.zaldivar\downloads\firstengineever\myengine\debug\collisionmanager.obj
c:\users\mariojulio.zaldivar\downloads\firstengineever\myengine\debug\component.obj
c:\users\mariojulio.zaldivar\downloads\firstengineever\myengine\debug\contact.obj
c:\users\mariojulio.zaldivar\downloads\firstengineever\myengine\debug\controllercomponent.obj
c:\users\mariojulio.zaldivar\downloads\firstengineever\myengine\debug\dustcontroller.obj
c:\users\mariojulio.zaldivar\downloads\firstengineever\myengine\debug\enemyaliencontroller.obj
c:\users\mariojulio.zaldivar\downloads\firstengineever\myengine\debug\enemycontroller.obj
c:\users\mariojulio.zaldivar\downloads\firstengineever\myengine\debug\entity.obj
c:\users\mariojulio.zaldivar\downloads\firstengineever\myengine\debug\eventmanager.obj
c:\users\mariojulio.zaldivar\downloads\firstengineever\myengine\debug\frameratecontroller.obj
c:\users\mariojulio.zaldivar\downloads\firstengineever\myengine\debug\game.obj
c:\users\mariojulio.zaldivar\downloads\firstengineever\myengine\debug\gamestate.obj
c:\users\mariojulio.zaldivar\downloads\firstengineever\myengine\debug\glmodelbase.obj
c:\users\mariojulio.zaldivar\downloads\firstengineever\myengine\debug\glmodelcircle.obj
c:\users\mariojulio.zaldivar\downloads\firstengineever\myengine\debug\glmodelsquare.obj
c:\users\mariojulio.zaldivar\downloads\firstengineever\myengine\debug\globjectbase.obj
c:\users\mariojulio.zaldivar\downloads\firstengineever\myengine\debug\globjectcircle.obj
c:\users\mariojulio.zaldivar\downloads\firstengineever\myengine\debug\globjectfactory.obj
c:\users\mariojulio.zaldivar\downloads\firstengineever\myengine\debug\globjectsquare.obj
c:\users\mariojulio.zaldivar\downloads\firstengineever\myengine\debug\inputmanager.obj
c:\users\mariojulio.zaldivar\downloads\firstengineever\myengine\debug\inversecontrollercomponent.obj
c:\users\mariojulio.zaldivar\downloads\firstengineever\myengine\debug\main.obj
c:\users\mariojulio.zaldivar\downloads\firstengineever\myengine\debug\math3d.obj
c:\users\mariojulio.zaldivar\downloads\firstengineever\myengine\debug\matrix3d.obj
c:\users\mariojulio.zaldivar\downloads\firstengineever\myengine\debug\moveevent.obj
c:\users\mariojulio.zaldivar\downloads\firstengineever\myengine\debug\mywindowcomponent.obj
c:\users\mariojulio.zaldivar\downloads\firstengineever\myengine\debug\orbcontroller.obj
c:\users\mariojulio.zaldivar\downloads\firstengineever\myengine\debug\physicscomponent.obj
c:\users\mariojulio.zaldivar\downloads\firstengineever\myengine\debug\physicsmanager.obj
c:\users\mariojulio.zaldivar\downloads\firstengineever\myengine\debug\playerhitevent.obj
c:\users\mariojulio.zaldivar\downloads\firstengineever\myengine\debug\resourcemanager.obj
c:\users\mariojulio.zaldivar\downloads\firstengineever\myengine\debug\rollingtabletdata.obj
c:\users\mariojulio.zaldivar\downloads\firstengineever\myengine\debug\roullettecomponent.obj
c:\users\mariojulio.zaldivar\downloads\firstengineever\myengine\debug\sarenderercomponent.obj
c:\users\mariojulio.zaldivar\downloads\firstengineever\myengine\debug\shader.obj
c:\users\mariojulio.zaldivar\downloads\firstengineever\myengine\debug\shape.obj
c:\users\mariojulio.zaldivar\downloads\firstengineever\myengine\debug\shootevent.obj
c:\users\mariojulio.zaldivar\downloads\firstengineever\myengine\debug\shooteventp2.obj
c:\users\mariojulio.zaldivar\downloads\firstengineever\myengine\debug\texture.obj
c:\users\mariojulio.zaldivar\downloads\firstengineever\myengine\debug\textureunitfactory.obj
c:\users\mariojulio.zaldivar\downloads\firstengineever\myengine\debug\transformcomponent.obj
c:\users\mariojulio.zaldivar\downloads\firstengineever\myengine\debug\vector3d.obj
c:\users\mariojulio.zaldivar\downloads\firstengineever\myengine\debug\myengine.ilk
c:\users\mariojulio.zaldivar\downloads\firstengineever\myengine\debug\vc120.idb
c:\users\mariojulio.zaldivar\downloads\firstengineever\myengine\debug\myengine.pdb
c:\users\mariojulio.zaldivar\downloads\firstengineever\myengine\debug\vc120.pdb
c:\users\mariojulio.zaldivar\downloads\firstengineever\debug\myengine.pdb
c:\users\mariojulio.zaldivar\downloads\firstengineever\debug\myengine.exe
c:\users\mariojulio.zaldivar\downloads\firstengineever\debug\myengine.ilk
c:\users\mariojulio.zaldivar\downloads\firstengineever\myengine\debug\myengine.tlog\cl.command.1.tlog
c:\users\mariojulio.zaldivar\downloads\firstengineever\myengine\debug\myengine.tlog\cl.read.1.tlog
c:\users\mariojulio.zaldivar\downloads\firstengineever\myengine\debug\myengine.tlog\cl.write.1.tlog
c:\users\mariojulio.zaldivar\downloads\firstengineever\myengine\debug\myengine.tlog\link.command.1.tlog
c:\users\mariojulio.zaldivar\downloads\firstengineever\myengine\debug\myengine.tlog\link.read.1.tlog
c:\users\mariojulio.zaldivar\downloads\firstengineever\myengine\debug\myengine.tlog\link.write.1.tlog
